CRITICAL - 2024-06-25 10:16:13 --> Undefined array key "p_nama"
in APPPATH\Views\admin\DataTransaksi\TransaksiPaket\transaksi.php on line 55.
 1 APPPATH\Views\admin\DataTransaksi\TransaksiPaket\transaksi.php(55): CodeIgniter\Debug\Exceptions->errorHandler(2, 'Undefined array key "p_nama"', 'APPPATH\\Views\\admin\\DataTransaksi\\TransaksiPaket\\transaksi.php', 55)
 2 SYSTEMPATH\View\View.php(213): include('APPPATH\\Views\\admin\\DataTransaksi\\TransaksiPaket\\transaksi.php')
 3 SYSTEMPATH\View\View.php(216): CodeIgniter\View\View->CodeIgniter\View\{closure}()
 4 SYSTEMPATH\Common.php(1134): CodeIgniter\View\View->render('admin/DataTransaksi/TransaksiPaket/transaksi', [], true)
 5 APPPATH\Controllers\AdminControllers.php(1864): view('admin/DataTransaksi/TransaksiPaket/transaksi', [...])
 6 SYSTEMPATH\CodeIgniter.php(927): App\Controllers\AdminControllers->transaksi()
 7 SYSTEMPATH\CodeIgniter.php(482): CodeIgniter\CodeIgniter->runController(Object(App\Controllers\AdminControllers))
 8 SYSTEMPATH\CodeIgniter.php(351): CodeIgniter\CodeIgniter->handleRequest(null, Object(Config\Cache), false)
 9 FCPATH\index.php(67): CodeIgniter\CodeIgniter->run()
10 SYSTEMPATH\Commands\Server\rewrite.php(46): require_once('FCPATH\\index.php')
CRITICAL - 2024-06-25 10:30:35 --> Undefined array key "p_nama"
in APPPATH\Controllers\AdminControllers.php on line 77.
 1 APPPATH\Controllers\AdminControllers.php(77): CodeIgniter\Debug\Exceptions->errorHandler(2, 'Undefined array key "p_nama"', 'APPPATH\\Controllers\\AdminControllers.php', 77)
 2 SYSTEMPATH\CodeIgniter.php(927): App\Controllers\AdminControllers->PaketCicilan()
 3 SYSTEMPATH\CodeIgniter.php(482): CodeIgniter\CodeIgniter->runController(Object(App\Controllers\AdminControllers))
 4 SYSTEMPATH\CodeIgniter.php(351): CodeIgniter\CodeIgniter->handleRequest(null, Object(Config\Cache), false)
 5 FCPATH\index.php(67): CodeIgniter\CodeIgniter->run()
 6 SYSTEMPATH\Commands\Server\rewrite.php(46): require_once('FCPATH\\index.php')
ERROR - 2024-06-25 10:32:03 --> mysqli_sql_exception: Cannot delete or update a parent row: a foreign key constraint fails (`arisya`.`tb_log_cicilan`, CONSTRAINT `tb_log_cicilan_ibfk_3` FOREIGN KEY (`c_id`) REFERENCES `tb_cicilan` (`c_id`)) in C:\xampp\htdocs\ProjectPaketFinally\system\Database\MySQLi\Connection.php:292
Stack trace:
#0 C:\xampp\htdocs\ProjectPaketFinally\system\Database\MySQLi\Connection.php(292): mysqli->query('DELETE FROM tb_...', 0)
#1 C:\xampp\htdocs\ProjectPaketFinally\system\Database\BaseConnection.php(666): CodeIgniter\Database\MySQLi\Connection->execute('DELETE FROM tb_...')
#2 C:\xampp\htdocs\ProjectPaketFinally\system\Database\BaseConnection.php(593): CodeIgniter\Database\BaseConnection->simpleQuery('DELETE FROM tb_...')
#3 C:\xampp\htdocs\ProjectPaketFinally\app\Models\CicilanModels.php(92): CodeIgniter\Database\BaseConnection->query('DELETE FROM tb_...', Array)
#4 C:\xampp\htdocs\ProjectPaketFinally\app\Controllers\AdminControllers.php(2180): App\Models\CicilanModels->deletecicilan('40')
#5 C:\xampp\htdocs\ProjectPaketFinally\system\CodeIgniter.php(927): App\Controllers\AdminControllers->edittransaksi('40')
#6 C:\xampp\htdocs\ProjectPaketFinally\system\CodeIgniter.php(482): CodeIgniter\CodeIgniter->runController(Object(App\Controllers\AdminControllers))
#7 C:\xampp\htdocs\ProjectPaketFinally\system\CodeIgniter.php(351): CodeIgniter\CodeIgniter->handleRequest(NULL, Object(Config\Cache), false)
#8 C:\xampp\htdocs\ProjectPaketFinally\public\index.php(67): CodeIgniter\CodeIgniter->run()
#9 C:\xampp\htdocs\ProjectPaketFinally\system\Commands\Server\rewrite.php(46): require_once('C:\\xampp\\htdocs...')
#10 {main}
CRITICAL - 2024-06-25 10:32:03 --> Cannot delete or update a parent row: a foreign key constraint fails (`arisya`.`tb_log_cicilan`, CONSTRAINT `tb_log_cicilan_ibfk_3` FOREIGN KEY (`c_id`) REFERENCES `tb_cicilan` (`c_id`))
in SYSTEMPATH\Database\MySQLi\Connection.php on line 292.
 1 SYSTEMPATH\Database\MySQLi\Connection.php(292): mysqli->query('DELETE FROM tb_cicilan WHERE t_id = \'40\'', 0)
 2 SYSTEMPATH\Database\BaseConnection.php(666): CodeIgniter\Database\MySQLi\Connection->execute('DELETE FROM tb_cicilan WHERE t_id = \'40\'')
 3 SYSTEMPATH\Database\BaseConnection.php(593): CodeIgniter\Database\BaseConnection->simpleQuery('DELETE FROM tb_cicilan WHERE t_id = \'40\'')
 4 APPPATH\Models\CicilanModels.php(92): CodeIgniter\Database\BaseConnection->query('DELETE FROM tb_cicilan WHERE t_id = ?', [...])
 5 APPPATH\Controllers\AdminControllers.php(2180): App\Models\CicilanModels->deletecicilan('40')
 6 SYSTEMPATH\CodeIgniter.php(927): App\Controllers\AdminControllers->edittransaksi('40')
 7 SYSTEMPATH\CodeIgniter.php(482): CodeIgniter\CodeIgniter->runController(Object(App\Controllers\AdminControllers))
 8 SYSTEMPATH\CodeIgniter.php(351): CodeIgniter\CodeIgniter->handleRequest(null, Object(Config\Cache), false)
 9 FCPATH\index.php(67): CodeIgniter\CodeIgniter->run()
10 SYSTEMPATH\Commands\Server\rewrite.php(46): require_once('FCPATH\\index.php')
CRITICAL - 2024-06-25 10:32:26 --> Undefined array key "p_nama"
in APPPATH\Controllers\AdminControllers.php on line 77.
 1 APPPATH\Controllers\AdminControllers.php(77): CodeIgniter\Debug\Exceptions->errorHandler(2, 'Undefined array key "p_nama"', 'APPPATH\\Controllers\\AdminControllers.php', 77)
 2 SYSTEMPATH\CodeIgniter.php(927): App\Controllers\AdminControllers->PaketCicilan()
 3 SYSTEMPATH\CodeIgniter.php(482): CodeIgniter\CodeIgniter->runController(Object(App\Controllers\AdminControllers))
 4 SYSTEMPATH\CodeIgniter.php(351): CodeIgniter\CodeIgniter->handleRequest(null, Object(Config\Cache), false)
 5 FCPATH\index.php(67): CodeIgniter\CodeIgniter->run()
 6 SYSTEMPATH\Commands\Server\rewrite.php(46): require_once('FCPATH\\index.php')
