CRITICAL - 2025-09-03 11:11:24 --> Class "App\Models\TransaksiModels" not found
in APPPATH\Controllers\AdminControllers.php on line 150.
 1 SYSTEMPATH\CodeIgniter.php(927): App\Controllers\AdminControllers->index()
 2 SYSTEMPATH\CodeIgniter.php(482): CodeIgniter\CodeIgniter->runController(Object(App\Controllers\AdminControllers))
 3 SYSTEMPATH\CodeIgniter.php(351): CodeIgniter\CodeIgniter->handleRequest(null, Object(Config\Cache), false)
 4 FCPATH\index.php(67): CodeIgniter\CodeIgniter->run()
 5 SYSTEMPATH\Commands\Server\rewrite.php(46): require_once('FCPATH\\index.php')
CRITICAL - 2025-09-03 11:11:36 --> Class "App\Models\TransaksiModels" not found
in APPPATH\Controllers\AdminControllers.php on line 150.
 1 SYSTEMPATH\CodeIgniter.php(927): App\Controllers\AdminControllers->index()
 2 SYSTEMPATH\CodeIgniter.php(482): CodeIgniter\CodeIgniter->runController(Object(App\Controllers\AdminControllers))
 3 SYSTEMPATH\CodeIgniter.php(351): CodeIgniter\CodeIgniter->handleRequest(null, Object(Config\Cache), false)
 4 FCPATH\index.php(67): CodeIgniter\CodeIgniter->run()
 5 SYSTEMPATH\Commands\Server\rewrite.php(46): require_once('FCPATH\\index.php')
CRITICAL - 2025-09-03 11:11:47 --> Class "App\Models\TransaksiModels" not found
in APPPATH\Controllers\AdminControllers.php on line 150.
 1 SYSTEMPATH\CodeIgniter.php(927): App\Controllers\AdminControllers->index()
 2 SYSTEMPATH\CodeIgniter.php(482): CodeIgniter\CodeIgniter->runController(Object(App\Controllers\AdminControllers))
 3 SYSTEMPATH\CodeIgniter.php(351): CodeIgniter\CodeIgniter->handleRequest(null, Object(Config\Cache), false)
 4 FCPATH\index.php(67): CodeIgniter\CodeIgniter->run()
 5 SYSTEMPATH\Commands\Server\rewrite.php(46): require_once('FCPATH\\index.php')
CRITICAL - 2025-09-03 11:21:56 --> Class "App\Models\TransaksiModels" not found
in APPPATH\Controllers\AdminControllers.php on line 150.
 1 SYSTEMPATH\CodeIgniter.php(927): App\Controllers\AdminControllers->index()
 2 SYSTEMPATH\CodeIgniter.php(482): CodeIgniter\CodeIgniter->runController(Object(App\Controllers\AdminControllers))
 3 SYSTEMPATH\CodeIgniter.php(351): CodeIgniter\CodeIgniter->handleRequest(null, Object(Config\Cache), false)
 4 FCPATH\index.php(67): CodeIgniter\CodeIgniter->run()
 5 SYSTEMPATH\Commands\Server\rewrite.php(46): require_once('FCPATH\\index.php')
CRITICAL - 2025-09-03 11:22:55 --> Class "App\Models\TransaksiModels" not found
in APPPATH\Controllers\AdminControllers.php on line 150.
 1 SYSTEMPATH\CodeIgniter.php(927): App\Controllers\AdminControllers->index()
 2 SYSTEMPATH\CodeIgniter.php(482): CodeIgniter\CodeIgniter->runController(Object(App\Controllers\AdminControllers))
 3 SYSTEMPATH\CodeIgniter.php(351): CodeIgniter\CodeIgniter->handleRequest(null, Object(Config\Cache), false)
 4 FCPATH\index.php(67): CodeIgniter\CodeIgniter->run()
 5 SYSTEMPATH\Commands\Server\rewrite.php(46): require_once('FCPATH\\index.php')
